[    0.000000] Linux version 4.15.0-213-generic (buildd@lcy02-amd64-079) (gcc version 7.5.0 (Ubuntu 7.5.0-3ubuntu1~18.04)) #224-Ubuntu SMP Mon Jun 19 13:30:12 UTC 2023 (Ubuntu 4.15.0-213.224-generic 4.15.18)
[    0.000000] Command line: BOOT_IMAGE=/boot/vmlinuz-4.15.0-213-generic root=UUID=f685bb41-0e3b-40c4-89c1-eea0f0583525 ro console=tty1 console=ttyS0
[    0.000000] KERNEL supported cpus:
[    0.000000]   Intel GenuineIntel
[    0.000000]   AMD AuthenticAMD
[    0.000000]   Centaur CentaurHauls
[    0.000000] x86/fpu: Supporting XSAVE feature 0x001: 'x87 floating point registers'
[    0.000000] x86/fpu: Supporting XSAVE feature 0x002: 'SSE registers'
[    0.000000] x86/fpu: Supporting XSAVE feature 0x004: 'AVX registers'
[    0.000000] x86/fpu: xstate_offset[2]:  576, xstate_sizes[2]:  256
[    0.000000] x86/fpu: Enabled xstate features 0x7, context size is 832 bytes, using 'standard' format.
[    0.000000] e820: BIOS-provided physical RAM map:
[    0.000000] BIOS-e820: [mem 0x0000000000000000-0x000000000009fbff] usable
[    0.000000] BIOS-e820: [mem 0x000000000009fc00-0x000000000009ffff] reserved
[    0.000000] BIOS-e820: [mem 0x00000000000f0000-0x00000000000fffff] reserved
[    0.000000] BIOS-e820: [mem 0x0000000000100000-0x00000000dffeffff] usable
[    0.000000] BIOS-e820: [mem 0x00000000dfff0000-0x00000000dfffffff] ACPI data
[    0.000000] BIOS-e820: [mem 0x00000000fec00000-0x00000000fec00fff] reserved
[    0.000000] BIOS-e820: [mem 0x00000000fee00000-0x00000000fee00fff] reserved
[    0.000000] BIOS-e820: [mem 0x00000000fffc0000-0x00000000ffffffff] reserved
[    0.000000] BIOS-e820: [mem 0x0000000100000000-0x000000011fffffff] usable
[    0.000000] NX (Execute Disable) protection: active
[    0.000000] SMBIOS 2.5 present.
[    0.000000] DMI: innotek GmbH VirtualBox/VirtualBox, BIOS VirtualBox 12/01/2006
[    0.000000] Hypervisor detected: KVM
[    0.000000] e820: last_pfn = 0x120000 max_arch_pfn = 0x400000000
[    0.000000] MTRR: Disabled
[    0.000000] x86/PAT: MTRRs disabled, skipping PAT initialization too.
[    0.000000] CPU MTRRs all blank - virtualized system.
[    0.000000] x86/PAT: Configuration [0-7]: WB  WT  UC- UC  WB  WT  UC- UC  
[    0.000000] e820: last_pfn = 0xdfff0 max_arch_pfn = 0x400000000
[    0.000000] found SMP MP-table at [mem 0x0009fff0-0x0009ffff]
[    0.000000] Scanning 1 areas for low memory corruption
[    0.000000] RAMDISK: [mem 0x35819000-0x36c03fff]
[    0.000000] ACPI: Early table checksum verification disabled
[    0.000000] ACPI: RSDP 0x00000000000E0000 000024 (v02 VBOX  )
[    0.000000] ACPI: XSDT 0x00000000DFFF0030 00003C (v01 VBOX   VBOXXSDT 00000001 ASL  00000061)
[    0.000000] ACPI: FACP 0x00000000DFFF00F0 0000F4 (v04 VBOX   VBOXFACP 00000001 ASL  00000061)
[    0.000000] ACPI: DSDT 0x00000000DFFF0610 002353 (v02 VBOX   VBOXBIOS 00000002 INTL 20100528)
[    0.000000] ACPI: FACS 0x00000000DFFF0200 000040
[    0.000000] ACPI: FACS 0x00000000DFFF0200 000040
[    0.000000] ACPI: APIC 0x00000000DFFF0240 00005C (v02 VBOX   VBOXAPIC 00000001 ASL  00000061)
[    0.000000] ACPI: SSDT 0x00000000DFFF02A0 00036C (v01 VBOX   VBOXCPUT 00000002 INTL 20100528)
[    0.000000] ACPI: Reserving FACP table memory at [mem 0xdfff00f0-0xdfff01e3]
[    0.000000] ACPI: Reserving DSDT table memory at [mem 0xdfff0610-0xdfff2962]
[    0.000000] ACPI: Reserving FACS table memory at [mem 0xdfff0200-0xdfff023f]
[    0.000000] ACPI: Reserving FACS table memory at [mem 0xdfff0200-0xdfff023f]
[    0.000000] ACPI: Reserving APIC table memory at [mem 0xdfff0240-0xdfff029b]
[    0.000000] ACPI: Reserving SSDT table memory at [mem 0xdfff02a0-0xdfff060b]
[    0.000000] No NUMA configuration found
[    0.000000] Faking a node at [mem 0x0000000000000000-0x000000011fffffff]
[    0.000000] NODE_DATA(0) allocated [mem 0x11ffd1000-0x11fffbfff]
[    0.000000] kvm-clock: cpu 0, msr 1:1ff50001, primary cpu clock
[    0.000000] kvm-clock: Using msrs 4b564d01 and 4b564d00
[    0.000000] kvm-clock: using sched offset of 4006112957 cycles
[    0.000000] clocksource: kvm-clock: mask: 0xffffffffffffffff max_cycles: 0x1cd42e4dffb, max_idle_ns: 881590591483 ns
[    0.000000] Zone ranges:
[    0.000000]   DMA      [mem 0x0000000000001000-0x0000000000ffffff]
[    0.000000]   DMA32    [mem 0x0000000001000000-0x00000000ffffffff]
[    0.000000]   Normal   [mem 0x0000000100000000-0x000000011fffffff]
[    0.000000]   Device   empty
[    0.000000] Movable zone start for each node
[    0.000000] Early memory node ranges
[    0.000000]   node   0: [mem 0x0000000000001000-0x000000000009efff]
[    0.000000]   node   0: [mem 0x0000000000100000-0x00000000dffeffff]
[    0.000000]   node   0: [mem 0x0000000100000000-0x000000011fffffff]
[    0.000000] Reserved but unavailable: 104 pages
[    0.000000] Initmem setup node 0 [mem 0x0000000000001000-0x000000011fffffff]
[    0.000000] ACPI: PM-Timer IO Port: 0x4008
[    0.000000] IOAPIC[0]: apic_id 2, version 32, address 0xfec00000, GSI 0-23
[    0.000000] ACPI: INT_SRC_OVR (bus 0 bus_irq 0 global_irq 2 dfl dfl)
[    0.000000] ACPI: INT_SRC_OVR (bus 0 bus_irq 9 global_irq 9 low level)
[    0.000000] Using ACPI (MADT) for SMP configuration information
[    0.000000] smpboot: Allowing 2 CPUs, 0 hotplug CPUs
[    0.000000] PM: Registered nosave memory: [mem 0x00000000-0x00000fff]
[    0.000000] PM: Registered nosave memory: [mem 0x0009f000-0x0009ffff]
[    0.000000] PM: Registered nosave memory: [mem 0x000a0000-0x000effff]
[    0.000000] PM: Registered nosave memory: [mem 0x000f0000-0x000fffff]
[    0.000000] PM: Registered nosave memory: [mem 0xdfff0000-0xdfffffff]
[    0.000000] PM: Registered nosave memory: [mem 0xe0000000-0xfebfffff]
[    0.000000] PM: Registered nosave memory: [mem 0xfec00000-0xfec00fff]
[    0.000000] PM: Registered nosave memory: [mem 0xfec01000-0xfedfffff]
[    0.000000] PM: Registered nosave memory: [mem 0xfee00000-0xfee00fff]
[    0.000000] PM: Registered nosave memory: [mem 0xfee01000-0xfffbffff]
[    0.000000] PM: Registered nosave memory: [mem 0xfffc0000-0xffffffff]
[    0.000000] e820: [mem 0xe0000000-0xfebfffff] available for PCI devices
[    0.000000] Booting paravirtualized kernel on KVM
[    0.000000] clocksource: refined-jiffies: mask: 0xffffffff max_cycles: 0xffffffff, max_idle_ns: 7645519600211568 ns
[    0.000000] setup_percpu: NR_CPUS:8192 nr_cpumask_bits:2 nr_cpu_ids:2 nr_node_ids:1
[    0.000000] percpu: Embedded 50 pages/cpu s167936 r8192 d28672 u1048576
[    0.000000] PV qspinlock hash table entries: 256 (order: 0, 4096 bytes)
[    0.000000] Built 1 zonelists, mobility grouping on.  Total pages: 1032057
[    0.000000] Policy zone: Normal
[    0.000000] Kernel command line: BOOT_IMAGE=/boot/vmlinuz-4.15.0-213-generic root=UUID=f685bb41-0e3b-40c4-89c1-eea0f0583525 ro console=tty1 console=ttyS0
[    0.000000] Memory: 4012384K/4193848K available (12300K kernel code, 2477K rwdata, 4324K rodata, 2480K init, 2720K bss, 181464K reserved, 0K cma-reserved)
[    0.000000] SLUB: HWalign=64, Order=0-3, MinObjects=0, CPUs=2, Nodes=1
[    0.000000] ftrace: allocating 39508 entries in 155 pages
[    0.004000] Hierarchical RCU implementation.
[    0.004000] 	RCU restricting CPUs from NR_CPUS=8192 to nr_cpu_ids=2.
[    0.004000] 	Tasks RCU enabled.
[    0.004000] RCU: Adjusting geometry for rcu_fanout_leaf=16, nr_cpu_ids=2
[    0.004000] NR_IRQS: 524544, nr_irqs: 440, preallocated irqs: 16
[    0.004000] random: crng init done
[    0.004000] Console: colour VGA+ 80x25
[    0.004000] console [tty1] enabled
[    0.004000] console [ttyS0] enabled
[    0.004000] ACPI: Core revision 20170831
[    0.004000] ACPI: 2 ACPI AML tables successfully acquired and loaded
[    0.004000] APIC: Switch to symmetric I/O mode setup
[    0.004000] x2apic enabled
[    0.004013] Switched APIC routing to physical x2apic.
[    0.010397] ..TIMER: vector=0x30 apic1=0 pin1=2 apic2=-1 pin2=-1
[    0.012004] tsc: Detected 2687.998 MHz processor
[    0.012492] Calibrating delay loop (skipped) preset value.. 5375.99 BogoMIPS (lpj=10751992)
[    0.016009] pid_max: default: 32768 minimum: 301
[    0.017339] Security Framework initialized
[    0.017961] Yama: becoming mindful.
[    0.018380] AppArmor: AppArmor initialized
[    0.028152] Dentry cache hash table entries: 524288 (order: 10, 4194304 bytes)
[    0.036236] Inode-cache hash table entries: 262144 (order: 9, 2097152 bytes)
[    0.040040] Mount-cache hash table entries: 8192 (order: 4, 65536 bytes)
[    0.044017] Mountpoint-cache hash table entries: 8192 (order: 4, 65536 bytes)
[    0.048631] Last level iTLB entries: 4KB 0, 2MB 0, 4MB 0
[    0.051121] Last level dTLB entries: 4KB 0, 2MB 0, 4MB 0, 1GB 0
[    0.052020] Spectre V1 : Mitigation: usercopy/swapgs barriers and __user pointer sanitization
[    0.056008] Spectre V2 : Mitigation: Retpolines
[    0.060004] Spectre V2 : Spectre v2 / SpectreRSB mitigation: Filling RSB on context switch
[    0.063739] Spectre V2 : Spectre v2 / SpectreRSB : Filling RSB on VMEXIT
[    0.064005] Speculative Store Bypass: Vulnerable
[    0.068319] Freeing SMP alternatives memory: 36K
[    0.176704] smpboot: CPU0: 12th Gen Intel(R) Core(TM) i7-12700H (family: 0x6, model: 0x9a, stepping: 0x3)
[    0.180000] Performance Events: unsupported p6 CPU model 154 no PMU driver, software events only.
[    0.180031] Hierarchical SRCU implementation.
[    0.182829] NMI watchdog: Perf event create on CPU 0 failed with -2
[    0.184005] NMI watchdog: Perf NMI watchdog permanently disabled
[    0.188081] smp: Bringing up secondary CPUs ...
[    0.196074] x86: Booting SMP configuration:
[    0.200004] .... node  #0, CPUs:      #1
[    0.004000] kvm-clock: cpu 1, msr 1:1ff50041, secondary cpu clock
[    0.208021] smp: Brought up 1 node, 2 CPUs
[    0.212014] smpboot: Max logical packages: 1
[    0.214262] smpboot: Total of 2 processors activated (10751.99 BogoMIPS)
[    0.216308] devtmpfs: initialized
[    0.220079] x86/mm: Memory block size: 128MB
[    0.221458] evm: security.selinux
[    0.222340] evm: security.SMACK64
[    0.223390] evm: security.SMACK64EXEC
[    0.224012] evm: security.SMACK64TRANSMUTE
[    0.225994] evm: security.SMACK64MMAP
[    0.228004] evm: security.apparmor
[    0.229675] evm: security.ima
[    0.231195] evm: security.capability
[    0.232207] clocksource: jiffies: mask: 0xffffffff max_cycles: 0xffffffff, max_idle_ns: 7645041785100000 ns
[    0.236048] futex hash table entries: 512 (order: 3, 32768 bytes)
[    0.240097] pinctrl core: initialized pinctrl subsystem
[    0.244231] RTC time:  8:29:01, date: 02/15/24
[    0.248142] NET: Registered protocol family 16
[    0.250375] audit: initializing netlink subsys (disabled)
[    0.252062] audit: type=2000 audit(1707985747.028:1): state=initialized audit_enabled=0 res=1
[    0.256020] cpuidle: using governor ladder
[    0.258035] cpuidle: using governor menu
[    0.260097] ACPI: bus type PCI registered
[    0.264006] acpiphp: ACPI Hot Plug PCI Controller Driver version: 0.5
[    0.268217] PCI: Using configuration type 1 for base access
[    0.272102] HugeTLB registered 2.00 MiB page size, pre-allocated 0 pages
[    0.272802] ACPI: Added _OSI(Module Device)
[    0.276008] ACPI: Added _OSI(Processor Device)
[    0.277477] ACPI: Added _OSI(3.0 _SCP Extensions)
[    0.279556] ACPI: Added _OSI(Processor Aggregator Device)
[    0.280008] ACPI: Added _OSI(Linux-Dell-Video)
[    0.284003] ACPI: Added _OSI(Linux-Lenovo-NV-HDMI-Audio)
[    0.286578] ACPI: Added _OSI(Linux-HPI-Hybrid-Graphics)
[    0.288724] ACPI: Executed 1 blocks of module-level executable AML code
[    0.300643] ACPI: Interpreter enabled
[    0.302550] ACPI: (supports S0 S5)
[    0.304010] ACPI: Using IOAPIC for interrupt routing
[    0.306580] PCI: Using host bridge windows from ACPI; if necessary, use "pci=nocrs" and report a bug
[    0.308135] ACPI: Enabled 2 GPEs in block 00 to 07
[    0.318680] ACPI: PCI Root Bridge [PCI0] (domain 0000 [bus 00-ff])
[    0.320030] acpi PNP0A03:00: _OSC: OS supports [ASPM ClockPM Segments MSI]
[    0.324162] acpi PNP0A03:00: _OSC: not requesting OS control; OS requires [ExtendedConfig ASPM ClockPM MSI]
[    0.328026] acpi PNP0A03:00: fail to add MMCONFIG information, can't access extended PCI configuration space under this bridge.
[    0.332721] PCI host bridge to bus 0000:00
[    0.333452] pci_bus 0000:00: root bus resource [io  0x0000-0x0cf7 window]
[    0.334265] pci_bus 0000:00: root bus resource [io  0x0d00-0xffff window]
[    0.335007] pci_bus 0000:00: root bus resource [mem 0x000a0000-0x000bffff window]
[    0.336002] pci_bus 0000:00: root bus resource [mem 0xe0000000-0xfdffffff window]
[    0.336999] pci_bus 0000:00: root bus resource [bus 00-ff]
[    0.338900] pci 0000:00:01.1: legacy IDE quirk: reg 0x10: [io  0x01f0-0x01f7]
[    0.339774] pci 0000:00:01.1: legacy IDE quirk: reg 0x14: [io  0x03f6]
[    0.340001] pci 0000:00:01.1: legacy IDE quirk: reg 0x18: [io  0x0170-0x0177]
[    0.340862] pci 0000:00:01.1: legacy IDE quirk: reg 0x1c: [io  0x0376]
[    0.393614] pci 0000:00:07.0: quirk: [io  0x4000-0x403f] claimed by PIIX4 ACPI
[    0.396055] pci 0000:00:07.0: quirk: [io  0x4100-0x410f] claimed by PIIX4 SMB
[    0.437048] ACPI: PCI Interrupt Link [LNKA] (IRQs 5 9 10 *11)
[    0.440111] ACPI: PCI Interrupt Link [LNKB] (IRQs 5 9 *10 11)
[    0.442100] ACPI: PCI Interrupt Link [LNKC] (IRQs 5 *9 10 11)
[    0.444259] ACPI: PCI Interrupt Link [LNKD] (IRQs 5 9 10 *11)
[    0.448759] SCSI subsystem initialized
[    0.450679] pci 0000:00:02.0: vgaarb: setting as boot VGA device
[    0.450852] pci 0000:00:02.0: vgaarb: VGA device added: decodes=io+mem,owns=io+mem,locks=none
[    0.452034] pci 0000:00:02.0: vgaarb: bridge control possible
[    0.456005] vgaarb: loaded
[    0.457494] ACPI: bus type USB registered
[    0.460045] usbcore: registered new interface driver usbfs
[    0.462660] usbcore: registered new interface driver hub
[    0.464013] usbcore: registered new device driver usb
[    0.465990] EDAC MC: Ver: 3.0.0
[    0.472162] PCI: Using ACPI for IRQ routing
[    0.472928] NetLabel: Initializing
[    0.476011] NetLabel:  domain hash size = 128
[    0.480004] NetLabel:  protocols = UNLABELED CIPSOv4 CALIPSO
[    0.488054] NetLabel:  unlabeled traffic allowed by default
[    0.492104] clocksource: Switched to clocksource kvm-clock
[    0.526312] VFS: Disk quotas dquot_6.6.0
[    0.528284] VFS: Dquot-cache hash table entries: 512 (order 0, 4096 bytes)
[    0.531608] AppArmor: AppArmor Filesystem Enabled
[    0.533941] pnp: PnP ACPI init
[    0.537658] pnp: PnP ACPI: found 3 devices
[    0.553970] clocksource: acpi_pm: mask: 0xffffff max_cycles: 0xffffff, max_idle_ns: 2085701024 ns
[    0.558119] NET: Registered protocol family 2
[    0.560487] IP idents hash table entries: 65536 (order: 7, 524288 bytes)
[    0.564291] TCP established hash table entries: 32768 (order: 6, 262144 bytes)
[    0.567847] TCP bind hash table entries: 32768 (order: 7, 524288 bytes)
[    0.574930] TCP: Hash tables configured (established 32768 bind 32768)
[    0.582678] UDP hash table entries: 2048 (order: 4, 65536 bytes)
[    0.585437] UDP-Lite hash table entries: 2048 (order: 4, 65536 bytes)
[    0.588445] NET: Registered protocol family 1
[    0.590577] pci 0000:00:00.0: Limiting direct PCI/PCI transfers
[    0.593481] pci 0000:00:01.0: Activating ISA DMA hang workarounds
[    0.596440] pci 0000:00:02.0: Video device with shadowed ROM at [mem 0x000c0000-0x000dffff]
[    0.600588] Unpacking initramfs...
[    1.332141] Freeing initrd memory: 20396K
[    1.334263] PCI-DMA: Using software bounce buffering for IO (SWIOTLB)
[    1.337294] software IO TLB: mapped [mem 0xdbff0000-0xdfff0000] (64MB)
[    1.340406] clocksource: tsc: mask: 0xffffffffffffffff max_cycles: 0x26bef4a354e, max_idle_ns: 440795213564 ns
[    1.345091] platform rtc_cmos: registered platform RTC device (no PNP device found)
[    1.348765] Scanning for low memory corruption every 60 seconds
[    1.352927] Initialise system trusted keyrings
[    1.355108] Key type blacklist registered
[    1.357152] workingset: timestamp_bits=36 max_order=20 bucket_order=0
[    1.361194] zbud: loaded
[    1.363350] squashfs: version 4.0 (2009/01/31) Phillip Lougher
[    1.366235] fuse init (API version 7.26)
[    1.378081] Key type asymmetric registered
[    1.380020] Asymmetric key parser 'x509' registered
[    1.382308] Block layer SCSI generic (bsg) driver version 0.4 loaded (major 246)
[    1.385819] io scheduler noop registered
[    1.387749] io scheduler deadline registered
[    1.389594] io scheduler cfq registered (default)
[    1.391767] ACPI: AC Adapter [AC] (on-line)
[    1.394063] input: Power Button as /devices/LNXSYSTM:00/LNXPWRBN:00/input/input0
[    1.397474] ACPI: Power Button [PWRF]
[    1.399265] input: Sleep Button as /devices/LNXSYSTM:00/LNXSLPBN:00/input/input1
[    1.402868] ACPI: Sleep Button [SLPF]
[    1.406972] ACPI: Battery Slot [BAT0] (battery present)
[    1.409563] Serial: 8250/16550 driver, 32 ports, IRQ sharing enabled
[    1.434696] 00:02: ttyS0 at I/O 0x3f8 (irq = 4, base_baud = 115200) is a 16550A
[    1.444286] Linux agpgart interface v0.103
[    1.449447] loop: module loaded
[    1.452284] scsi host0: ata_piix
[    1.454280] scsi host1: ata_piix
[    1.455711] ata1: PATA max UDMA/33 cmd 0x1f0 ctl 0x3f6 bmdma 0xd000 irq 14
[    1.458205] ata2: PATA max UDMA/33 cmd 0x170 ctl 0x376 bmdma 0xd008 irq 15
[    1.461968] tun: Universal TUN/TAP device driver, 1.6
[    1.464500] PPP generic driver version 2.4.2
[    1.465633] ehci_hcd: USB 2.0 'Enhanced' Host Controller (EHCI) Driver
[    1.466954] ehci-pci: EHCI PCI platform driver
[    1.467956] ehci-platform: EHCI generic platform driver
[    1.469089] ohci_hcd: USB 1.1 'Open' Host Controller (OHCI) Driver
[    1.471249] ohci-pci: OHCI PCI platform driver
[    1.473541] ohci-platform: OHCI generic platform driver
[    1.476069] uhci_hcd: USB Universal Host Controller Interface driver
[    1.479186] i8042: PNP: PS/2 Controller [PNP0303:PS2K,PNP0f03:PS2M] at 0x60,0x64 irq 1,12
[    1.483907] serio: i8042 KBD port at 0x60,0x64 irq 1
[    1.486327] serio: i8042 AUX port at 0x60,0x64 irq 12
[    1.489166] mousedev: PS/2 mouse device common for all mice
[    1.493394] input: AT Translated Set 2 keyboard as /devices/platform/i8042/serio0/input/input2
[    1.496229] rtc_cmos rtc_cmos: rtc core: registered rtc_cmos as rtc0
[    1.500399] rtc_cmos rtc_cmos: alarms up to one day, 114 bytes nvram
[    1.503213] i2c /dev entries driver
[    1.505168] device-mapper: uevent: version 1.0.3
[    1.507611] device-mapper: ioctl: 4.37.0-ioctl (2017-09-20) initialised: dm-devel@redhat.com
[    1.511531] ledtrig-cpu: registered to indicate activity on CPUs
[    1.515677] NET: Registered protocol family 10
[    1.541497] Segment Routing with IPv6
[    1.542727] NET: Registered protocol family 17
[    1.544664] Key type dns_resolver registered
[    1.547249] mce: Using 0 MCE banks
[    1.548503] RAS: Correctable Errors collector initialized.
[    1.550371] sched_clock: Marking stable (1548449747, 0)->(2396008015, -847558268)
[    1.553451] registered taskstats version 1
[    1.555407] Loading compiled-in X.509 certificates
[    1.562007] Loaded X.509 cert 'Build time autogenerated kernel key: cdc7189136aaa35407544516090e2034d9c28e14'
[    1.565930] Loaded X.509 cert 'Canonical Ltd. Live Patch Signing: 14df34d1a87cf37625abec039ef2bf521249b969'
[    1.571117] Loaded X.509 cert 'Canonical Ltd. Kernel Module Signing: 88f752e560a1e0737e31163a466ad7b70a850c19'
[    1.575390] blacklist: Loading compiled-in revocation X.509 certificates
[    1.577028] Loaded X.509 cert 'Canonical Ltd. Secure Boot Signing: 61482aa2830d0ab2ad5af10b7250da9033ddcef0'
[    1.580603] Loaded X.509 cert 'Canonical Ltd. Secure Boot Signing (2017): 242ade75ac4a15e50d50c84b0d45ff3eae707a03'
[    1.585408] Loaded X.509 cert 'Canonical Ltd. Secure Boot Signing (ESM 2018): 365188c1d374d6b07c3c8f240f8ef722433d6a8b'
[    1.590330] Loaded X.509 cert 'Canonical Ltd. Secure Boot Signing (2019): c0746fd6c5da3ae827864651ad66ae47fe24b3e8'
[    1.595217] Loaded X.509 cert 'Canonical Ltd. Secure Boot Signing (2021 v1): a8d54bbb3825cfb94fa13c9f8a594a195c107b8d'
[    1.599980] Loaded X.509 cert 'Canonical Ltd. Secure Boot Signing (2021 v2): 4cf046892d6fd3c9a5b03f98d845f90851dc6a8c'
[    1.604857] Loaded X.509 cert 'Canonical Ltd. Secure Boot Signing (2021 v3): 100437bb6de6e469b581e61cd66bce3ef4ed53af'
[    1.609397] Loaded X.509 cert 'Canonical Ltd. Secure Boot Signing (Ubuntu Core 2019): c1d57b8f6b743f23ee41f4f7ee292f06eecadfb9'
[    1.614846] zswap: loaded using pool lzo/zbud
[    1.653166] Key type big_key registered
[    1.654811] Key type trusted registered
[    1.664947] Key type encrypted registered
[    1.665851] AppArmor: AppArmor sha1 policy hashing enabled
[    1.667110] ima: No TPM chip found, activating TPM-bypass! (rc=-19)
[    1.669259] ima: Allocated hash algorithm: sha1
[    1.670750] evm: HMAC attrs: 0x1
[    1.672430]   Magic number: 12:873:472
[    1.673638] acpi LNXSYSTM:00: hash matches
[    1.675375] rtc_cmos rtc_cmos: setting system clock to 2024-02-15 08:29:02 UTC (1707985742)
[    1.678485] BIOS EDD facility v0.16 2004-Jun-25, 0 devices found
[    1.680839] EDD information not available.
[    1.685069] Freeing unused kernel image memory: 2480K
[    1.709440] Write protecting the kernel read-only data: 20480k
[    1.712181] Freeing unused kernel image memory: 2008K
[    1.714464] Freeing unused kernel image memory: 1820K
[    1.719148] x86/mm: Checked W+X mappings: passed, no W+X pages found.
Loading, please wait...
starting version 237
[    1.835823] e1000: Intel(R) PRO/1000 Network Driver - version 7.3.21-k8-NAPI
[    1.839277] e1000: Copyright (c) 1999-2006 Intel Corporation.
[    1.842349] Fusion MPT base driver 3.04.20
[    1.844439] Copyright (c) 1999-2008 LSI Corporation
[    1.853773] Fusion MPT SPI Host driver 3.04.20
[    1.891762] AVX2 version of gcm_enc/dec engaged.
[    1.894163] AES CTR mode by8 optimization enabled
[    2.057553] input: ImExPS/2 Generic Explorer Mouse as /devices/platform/i8042/serio1/input/input4
[    2.359514] e1000 0000:00:03.0 eth0: (PCI:33MHz:32-bit) 02:3b:7b:b7:3b:2d
[    2.360802] e1000 0000:00:03.0 eth0: Intel(R) PRO/1000 Network Connection
[    2.363742] mptbase: ioc0: Initiating bringup
[    2.473707] ioc0: LSI53C1030 A0: Capabilities={Initiator}
[    2.718745] scsi host2: ioc0: LSI53C1030 A0, FwRev=00000000h, Ports=1, MaxQ=256, IRQ=20
[    2.888647] scsi 2:0:0:0: Direct-Access     VBOX     HARDDISK         1.0  PQ: 0 ANSI: 5
[    2.916421] scsi target2:0:0: Beginning Domain Validation
[    2.919828] scsi target2:0:0: Domain Validation skipping write tests
[    2.921905] scsi target2:0:0: Ending Domain Validation
[    2.923792] scsi target2:0:0: asynchronous
[    2.948561] scsi 2:0:1:0: Direct-Access     VBOX     HARDDISK         1.0  PQ: 0 ANSI: 5
[    2.990340] scsi target2:0:1: Beginning Domain Validation
[    2.997167] scsi target2:0:1: Domain Validation skipping write tests
[    2.999692] scsi target2:0:1: Ending Domain Validation
[    3.001519] scsi target2:0:1: asynchronous
[    3.007505] sd 2:0:0:0: Attached scsi generic sg0 type 0
[    3.009985] sd 2:0:1:0: [sdb] 20480 512-byte logical blocks: (10.5 MB/10.0 MiB)
[    3.012718] sd 2:0:1:0: [sdb] Write Protect is off
[    3.014787] sd 2:0:1:0: [sdb] Incomplete mode parameter data
[    3.016989] sd 2:0:1:0: [sdb] Assuming drive cache: write through
[    3.019168] sd 2:0:1:0: Attached scsi generic sg1 type 0
[    3.024767] sd 2:0:1:0: [sdb] Attached SCSI disk
[    3.027527] sd 2:0:0:0: [sda] 83886080 512-byte logical blocks: (42.9 GB/40.0 GiB)
[    3.031650] sd 2:0:0:0: [sda] Write Protect is off
[    3.032460] sd 2:0:0:0: [sda] Incomplete mode parameter data
[    3.034402] sd 2:0:0:0: [sda] Assuming drive cache: write through
[    3.038333]  sda: sda1
[    3.040849] sd 2:0:0:0: [sda] Attached SCSI disk
[    3.376503] e1000 0000:00:08.0 eth1: (PCI:33MHz:32-bit) 08:00:27:ca:4a:1c
[    3.379575] e1000 0000:00:08.0 eth1: Intel(R) PRO/1000 Network Connection
[    3.385692] e1000 0000:00:08.0 enp0s8: renamed from eth1
[    3.400388] e1000 0000:00:03.0 enp0s3: renamed from eth0
Begin: Loading essential drivers ... [    5.072074] raid6: sse2x1   gen()  7085 MB/s
[    5.127992] raid6: sse2x1   xor()  7737 MB/s
[    5.188025] raid6: sse2x2   gen() 10720 MB/s
[    5.241847] raid6: sse2x2   xor()  9837 MB/s
[    5.290494] raid6: sse2x4   gen() 15645 MB/s
[    5.336116] raid6: sse2x4   xor()  5046 MB/s
[    5.384087] raid6: avx2x1   gen() 13362 MB/s
[    5.434310] raid6: avx2x1   xor()  5652 MB/s
[    5.480068] raid6: avx2x2   gen() 16297 MB/s
[    5.539849] raid6: avx2x2   xor() 13881 MB/s
[    5.592046] raid6: avx2x4   gen() 12377 MB/s
[    5.640050] raid6: avx2x4   xor()  6842 MB/s
[    5.641183] raid6: using algorithm avx2x2 gen() 16297 MB/s
[    5.642736] raid6: .... xor() 13881 MB/s, rmw enabled
[    5.644155] raid6: using avx2x2 recovery algorithm
[    5.647794] xor: automatically using best checksumming function   avx       
[    5.652766] async_tx: api initialized (async)
done.
Begin: Running /scripts/init-premount ... done.
Begin: Mounting root file system ... Begin: Running /scripts/local-top ... done.
Begin: Running /scripts/local-premount ... [    5.738676] Btrfs loaded, crc32c=crc32c-intel
Scanning for Btrfs filesystems
done.
Begin: Will now check root file system ... fsck from util-linux 2.31.1
[/sbin/fsck.ext4 (1) -- /dev/sda1] fsck.ext4 -a -C0 /dev/sda1 
cloudimg-rootfs: clean, 107040/5120000 files, 1286333/10485499 blocks
done.
[    5.812815] EXT4-fs (sda1): mounted filesystem with ordered data mode. Opts: (null)
done.
Begin: Running /scripts/local-bottom ... done.
Begin: Running /scripts/init-bottom ... done.
[    6.010667] ip_tables: (C) 2000-2006 Netfilter Core Team
[    6.020161] systemd[1]: systemd 237 running in system mode. (+PAM +AUDIT +SELINUX +IMA +APPARMOR +SMACK +SYSVINIT +UTMP +LIBCRYPTSETUP +GCRYPT +GNUTLS +ACL +XZ +LZ4 +SECCOMP +BLKID +ELFUTILS +KMOD -IDN2 +IDN -PCRE2 default-hierarchy=hybrid)
[    6.026152] systemd[1]: Detected virtualization oracle.
[    6.027610] systemd[1]: Detected architecture x86-64.

Welcome to [1mUbuntu 18.04.6 LTS[0m!

[    6.035300] systemd[1]: Set hostname to <graylog>.
[    6.308766] systemd[1]: Reached target User and Group Name Lookups.
[[0;32m  OK  [0m] Reached target User and Group Name Lookups.
[    6.311098] systemd[1]: Reached target System Time Synchronized.
[[0;32m  OK  [0m] Reached target System Time Synchronized.
[    6.313618] systemd[1]: Reached target Mounting snaps.
[[0;32m  OK  [0m] Reached target Mounting snaps.
[    6.316226] systemd[1]: Reached target Mounted snaps.
[[0;32m  OK  [0m] Reached target Mounted snaps.
[    6.319140] systemd[1]: Set up automount Arbitrary Executable File Formats File System Automount Point.
[[0;32m  OK  [0m] Set up automount Arbitrary Executab…rmats File System Automount Point.
[    6.325399] systemd[1]: Created slice User and Session Slice.
[[0;32m  OK  [0m] Created slice User and Session Slice.
[[0;32m  OK  [0m] Started Forward Password Requests to Wall Directory Watch.
[[0;32m  OK  [0m] Reached target Swap.
[[0;32m  OK  [0m] Created slice System Slice.
[[0;32m  OK  [0m] Listening on Journal Socket.
         Mounting POSIX Message Queue File System...
         Starting Set the console keyboard layout...
[[0;32m  OK  [0m] Listening on udev Kernel Socket.
[[0;32m  OK  [0m] Listening on LVM2 metadata daemon socket.
[[0;32m  OK  [0m] Listening on Syslog Socket.
[[0;32m  OK  [0m] Listening on Journal Audit Socket.
         Mounting Huge Pages File System...
[[0;32m  OK  [0m] Listening on /dev/initctl Compatibility Named Pipe.
[[0;32m  OK  [0m] Listening on LVM2 poll daemon socket.
[[0;32m  OK  [0m] Listening on fsck to fsckd communication Socket.
         Starting Uncomplicated firewall...
         Starting Remount Root and Kernel File Systems...
         Starting Create list of required st…ce nodes for the current kernel...
[[0;32m  OK  [0m] Listening on udev Control Socket.
         Starting udev Coldplug all Devices...
[[0;32m  OK  [0m] Listening on Device-mapper event daemon FIFOs.
[    6.423088] EXT4-fs (sda1): re-mounted. Opts: (null)
[[0;32m  OK  [0m] Listening on Journal Socket (/dev/log).
[[0;32m  OK  [0m] Listening on Network Service Netlink Socket.
         Starting Load Kernel Modules...
         Mounting Kernel Debug File System...
[[0;32m  OK  [0m] Created slice system-serial\x2dgetty.slice.
         Starting Journal Service...
[[0;32m  OK  [0m] Reached target Slices.
         Starting Monitoring of LVM2 mirrors…ng dmeventd or progress polling...
[[0;32m  OK  [0m] Mounted POSIX Message Queue File System.
[[0;32m  OK  [0m] Mounted Huge Pages File System.
[[0;32m  OK  [0m] Started Uncomplicated firewall.
[[0;32m  OK  [0m] Started Remount Root and Kernel File Systems.
[[0;32m  OK  [0m[    6.485851] Loading iSCSI transport class v2.0-870.
] Started Create list of required sta…vice nodes for the current kernel.
[[0;32m  OK  [0m] Mounted Kernel Debug File System.
         Starting Create Static Device Nodes in /dev...
         Starting Load/Save Random Seed...
[[0;32m  OK  [0m] Started Journal Service.
         Starting Flush Journal to Persistent Storage...
[[0;32m  OK  [0m] Started Load/Save Random Seed.
[[0;32m  OK  [0m] Started Create Static Device Nodes in /dev.
         Starting udev Kernel Device Manager...
[[0;32m  OK  [0m] Started LVM2 metadata daemon.
[[0;32m  OK  [0m] Started Set the console keyboard layout.
[    6.621960] iscsi: registered transport (tcp)
[    6.622033] systemd-journald[437]: Received request to flush runtime journal from PID 1
[[0;32m  OK  [0m] Started udev Coldplug all Devices.
[[0;32m  OK  [0m] Started udev Kernel Device Manager.
[[0;32m  OK  [0m] Started Dispatch Password Requests to Console Directory Watch.
[[0;32m  OK  [0m] Reached target Local Encrypted Volumes.
[[0;32m  OK  [0m] Started Monitoring of LVM2 mirrors,…sing dmeventd or progress polling.
[[0;32m  OK  [0m] Reached target Local File Systems (Pre).
[[0;32m  OK  [0m] Reached target Local File Systems.
         Starting ebtables ruleset management...
         Starting AppArmor initialization...
         Starting Tell Plymouth To Write Out Runtime Data...
         Starting Set console font and keymap...
[[0;32m  OK  [0m] Started Set console font and keymap.
[[0;32m  OK  [0m] Started Flush Journal to Persistent Storage.
         Starting Create Volatile Files and Directories...
[[0;32m  OK  [0m] Started Tell Plymouth To Write Out Runtime Data.
[[0;32m  OK  [0m] Started Create Volatile Files and Directories.
         Starting Update UTMP about System Boot/Shutdown...
[    6.913387] iscsi: registered transport (iser)
[[0;32m  OK  [0m] Started Load Kernel Modules.
[[0;32m  OK  [0m] Started Update UTMP about System Boot/Shutdown.
         Starting Apply Kernel Variables...
         Mounting Kernel Configuration File System...
         Mounting FUSE Control File System...
[[0;32m  OK  [0m] Mounted Kernel Configuration File System.
[[0;32m  OK  [0m] Mounted FUSE Control File System.
[[0;32m  OK  [0m] Started ebtables ruleset management.
[[0;32m  OK  [0m] Started Apply Kernel Variables.
[[0;32m  OK  [0m] Found device /dev/ttyS0.
[[0;32m  OK  [0m] Started AppArmor initialization.
         Starting Load AppArmor profiles managed internally by snapd...
         Starting Initial cloud-init job (pre-networking)...
         Mounting Arbitrary Executable File Formats File System...
[[0;32m  OK  [0m] Mounted Arbitrary Executable File Formats File System.
[[0;32m  OK  [0m] Listening on Load/Save RF Kill Switch Status /dev/rfkill Watch.
[[0;32m  OK  [0m] Started Load AppArmor profiles managed internally by snapd.
[    8.981126] cloud-init[558]: Cloud-init v. 23.1.2-0ubuntu0~18.04.1 running 'init-local' at Thu, 15 Feb 2024 08:29:09 +0000. Up 8.76 seconds.
[[0;32m  OK  [0m] Started Initial cloud-init job (pre-networking).
[[0;32m  OK  [0m] Reached target Network (Pre).
         Starting Network Service...
[[0;32m  OK  [0m] Started Network Service.
         Starting Wait for Network to be Configured...
         Starting Network Name Resolution...
[[0;32m  OK  [0m] Started Network Name Resolution.
[[0;32m  OK  [0m] Reached target Network.
[[0;32m  OK  [0m] Reached target Host and Network Name Lookups.
[[0;32m  OK  [0m] Started Wait for Network to be Configured.
         Starting Initial cloud-init job (metadata service crawler)...
[   12.070552] cloud-init[730]: Cloud-init v. 23.1.2-0ubuntu0~18.04.1 running 'init' at Thu, 15 Feb 2024 08:29:12 +0000. Up 11.80 seconds.
[   12.072132] cloud-init[730]: ci-info: ++++++++++++++++++++++++++++++++++++++Net device info+++++++++++++++++++++++++++++++++++++++
[   12.073200] cloud-init[730]: ci-info: +--------+------+-----------------------------+---------------+--------+-------------------+
[   12.074728] cloud-init[730]: ci-info: | Device |  Up  |           Address           |      Mask     | Scope  |     Hw-Address    |
[   12.075594] cloud-init[730]: ci-info: +--------+------+-----------------------------+---------------+--------+-------------------+
[   12.076501] cloud-init[730]: ci-info: | enp0s3 | True |          10.0.2.15          | 255.255.255.0 | global | 02:3b:7b:b7:3b:2d |
[   12.078815] cloud-init[730]: ci-info: | enp0s3 | True |  fe80::3b:7bff:feb7:3b2d/64 |       .       |  link  | 02:3b:7b:b7:3b:2d |
[   12.080474] cloud-init[730]: ci-info: | enp0s8 | True |        192.168.33.13        | 255.255.255.0 | global | 08:00:27:ca:4a:1c |
[   12.082392] cloud-init[730]: ci-info: | enp0s8 | True | fe80::a00:27ff:feca:4a1c/64 |       .       |  link  | 08:00:27:ca:4a:1c |
[   12.083574] cloud-init[730]: ci-info: |   lo   | True |          127.0.0.1          |   255.0.0.0   |  host  |         .         |
[   12.084733] cloud-init[730]: ci-info: |   lo   | True |           ::1/128           |       .       |  host  |         .         |
[   12.086327] cloud-init[730]: ci-info: +--------+------+-----------------------------+---------------+--------+-------------------+
[   12.089150] cloud-init[730]: ci-info: +++++++++++++++++++++++++++++Route IPv4 info+++++++++++++++++++++++++++++
[   12.092840] cloud-init[730]: ci-info: +-------+--------------+----------+-----------------+-----------+-------+
[   12.096412] cloud-init[730]: ci-info: | Route | Destination  | Gateway  |     Genmask     | Interface | Flags |
[   12.099979] cloud-init[730]: ci-info: +-------+--------------+----------+-----------------+-----------+-------+
[   12.104822] cloud-init[730]: ci-info: |   0   |   0.0.0.0    | 10.0.2.2 |     0.0.0.0     |   enp0s3  |   UG  |
[   12.108028] cloud-init[730]: ci-info: |   1   |   10.0.2.0   | 0.0.0.0  |  255.255.255.0  |   enp0s3  |   U   |
[   12.111301] cloud-init[730]: ci-info: |   2   |   10.0.2.2   | 0.0.0.0  | 255.255.255.255 |   enp0s3  |   UH  |
[   12.114780] cloud-init[730]: ci-info: |   3   | 192.168.33.0 | 0.0.0.0  |  255.255.255.0  |   enp0s8  |   U   |
[   12.118266] cloud-init[730]: ci-info: +-------+--------------+----------+-----------------+-----------+-------+
[   12.121923] cloud-init[730]: ci-info: +++++++++++++++++++Route IPv6 info+++++++++++++++++++
[   12.125047] cloud-init[730]: ci-info: +-------+-------------+---------+-----------+-------+
[   12.127883] cloud-init[730]: ci-info: | Route | Destination | Gateway | Interface | Flags |
[   12.130450] cloud-init[730]: ci-info: +-------+-------------+---------+-----------+-------+
[   12.133151] cloud-init[730]: ci-info: |   1   |  fe80::/64  |    ::   |   enp0s8  |   U   |
[   12.135574] cloud-init[730]: ci-info: |   2   |  fe80::/64  |    ::   |   enp0s3  |   U   |
[   12.137743] cloud-init[730]: ci-info: |   4   |    local    |    ::   |   enp0s3  |   U   |
[   12.142051] cloud-init[730]: ci-info: |   5   |    local    |    ::   |   enp0s8  |   U   |
[   12.144479] cloud-init[730]: ci-info: |   6   |   ff00::/8  |    ::   |   enp0s8  |   U   |
[   12.146963] cloud-init[730]: ci-info: |   7   |   ff00::/8  |    ::   |   enp0s3  |   U   |
[   12.149627] cloud-init[730]: ci-info: +-------+-------------+---------+-----------+-------+
[[0;32m  OK  [0m] Started Initial cloud-init job (metadata service crawler).
[[0;32m  OK  [0m] Reached target Network is Online.
[[0;32m  OK  [0m] Reached target Remote File Systems (Pre).
         Mounting /vagrant...
         Starting Availability of block devices...
[[0;32m  OK  [0m] Reached target System Initialization.
         Starting Socket activation for snappy daemon.
[[0;32m  OK  [0m] Started Daily apt download activities.
[[0;32m  OK  [0m] Listening on D-Bus System Message Bus Socket.
[[0;32m  OK  [0m] Started ACPI Events Check.
[[0;32m  OK  [0m] Reached target Paths.
[[0;32m  OK  [0m] Listening on ACPID Listen Socket.
[[0;32m  OK  [0m] Started Discard unused blocks once a week.
[[0;32m  OK  [0m] Started Message of the Day.
[[0;32m  OK  [0m] Started Ubuntu Advantage Timer for running repeated jobs.
[[0;32m  OK  [0m] Started Daily apt upgrade and clean activities.
[[0;32m  OK  [0m] Listening on Open-iSCSI iscsid Socket.
[[0;32m  OK  [0m] Listening on cloud-init hotplug hook socket.
[[0;32m  OK  [0m] Started Daily Cleanup of Temporary Directories.
[[0;32m  OK  [0m] Reached target Timers.
[[0;32m  OK  [0m] Listening on UUID daemon activation socket.
         Starting LXD - unix socket.
[[0;32m  OK  [0m] Reached target Cloud-config availability.
[[0;1;31mFAILED[0m] Failed to mount /vagrant.
See 'systemctl status vagrant.mount' for details.
[[0;1;33mDEPEND[0m] Dependency failed for Remote File Systems.
[[0;32m  OK  [0m] Started Availability of block devices.
[[0;32m  OK  [0m] Listening on Socket activation for snappy daemon.
[[0;32m  OK  [0m] Listening on LXD - unix socket.
[[0;32m  OK  [0m] Reached target Sockets.
[[0;32m  OK  [0m] Reached target Basic System.
         Starting Login Service...
         Starting System Logging Service...
         Starting LSB: Record successful boot for GRUB...
         Starting Message of the Day...
         Starting Dispatcher daemon for systemd-networkd...
[[0;32m  OK  [0m] Started Regular background program processing daemon.
[[0;32m  OK  [0m] Started FUSE filesystem for LXC.
[[0;32m  OK  [0m] Reached target Login Prompts (Pre).
[[0;32m  OK  [0m] Started irqbalance daemon.
         Starting Accounts Service...
[[0;32m  OK  [0m] Started MongoDB Database Server.
         Starting Elasticsearch...
         Starting LXD - container startup/shutdown...
[[0;32m  OK  [0m] Started Deferred execution scheduler.
         Starting OpenBSD Secure Shell server...
[[0;32m  OK  [0m] Started Graylog server.
         Starting vboxadd.service...
[[0;32m  OK  [0m] Started D-Bus System Message Bus.
         Starting Snap Daemon...
         Starting Permit User Sessions...
         Starting LSB: automatic crash report generation...
[[0;32m  OK  [0m] Started System Logging Service.
[[0;32m  OK  [0m] Started Login Service.
[[0;32m  OK  [0m] Started Unattended Upgrades Shutdown.
[[0;32m  OK  [0m] Started Dispatcher daemon for systemd-networkd.
[[0;32m  OK  [0m] Started OpenBSD Secure Shell server.
[[0;32m  OK  [0m] Started Permit User Sessions.
         Starting Terminate Plymouth Boot Screen...
         Starting Hold until boot process finishes up...
         Starting Authorization Manager...
[[0;32m  OK  [0m] Started Terminate Plymouth Boot Screen.
[[0;32m  OK  [0m] Started Hold until boot process finishes up.
[[0;32m  OK  [0m] Started Serial Getty on ttyS0.
         Starting Set console scheme...
[[0;32m  OK  [0m] Started Set console scheme.
[[0;32m  OK  [0m] Created slice system-getty.slice.
[[0;32m  OK  [0m] Started Getty on tty1.
[[0;32m  OK  [0m] Reached target Login Prompts.
[[0;32m  OK  [0m] Started LSB: Record successful boot for GRUB.
[[0;32m  OK  [0m] Started LSB: automatic crash report generation.
[[0;32m  OK  [0m] Started Authorization Manager.
[[0;32m  OK  [0m] Started Accounts Service.
[[0;32m  OK  [0m] Created slice User Slice of vagrant.
         Starting User Manager for UID 1000...
[[0;32m  OK  [0m] Started Session 1 of user vagrant.
[[0;32m  OK  [0m] Started vboxadd.service.
         Starting vboxadd-service.service...
[[0;32m  OK  [0m] Started vboxadd-service.service.
[[0;32m  OK  [0m] Started LXD - container startup/shutdown.
[[0;32m  OK  [0m] Started User Manager for UID 1000.
[[0;32m  OK  [0m] Started Snap Daemon.
         Starting Wait until snapd is fully seeded...
         Starting Time & Date Service...
[[0;32m  OK  [0m] Started Time & Date Service.
[[0;32m  OK  [0m] Started Wait until snapd is fully seeded.
         Starting Apply the settings specified in cloud-config...
[   18.797042] cloud-init[1505]: Cloud-init v. 23.1.2-0ubuntu0~18.04.1 running 'modules:config' at Thu, 15 Feb 2024 08:29:18 +0000. Up 18.11 seconds.

Ubuntu 18.04.6 LTS graylog ttyS0

graylog login: [   53.537729] cloud-init[2390]: Cloud-init v. 23.1.2-0ubuntu0~18.04.1 running 'modules:final' at Thu, 15 Feb 2024 08:29:54 +0000. Up 53.24 s[43614.983528] INFO: rcu_sched self-detected stall on CPU
[43614.983733] INFO: rcu_sched self-detected stall on CPU
[43614.985058] 	1-...!: (1 ticks this GP) idle=cb6/1/0 softirq=184531/184531 fqs=0 
[43614.988458] 	 (t=2378786 jiffies g=44155 c=44154 q=11)
[43614.989035] rcu_sched kthread starved for 2378786 jiffies! g44155 c44154 f0x0 RCU_GP_WAIT_FQS(3) ->state=0x402 ->cpu=1
[43614.989498] 	0-...!: (1 GPs behind) idle=c1a/140000000000001/0 softirq=155732/155763 fqs=0 
[43614.994633] 	
[43614.994640] rcu_sched kthread starved for 2378786 jiffies! g44155 c44154 f0x0 RCU_GP_WAIT_FQS(3) ->state=0x402 ->cpu=1
046] watchdog: BUG: soft lockup - CPU#0 stuck for 8863s! [swapper/0:0]
[43653.329910] watchdog: BUG: soft lockup - CPU#1 stuck for 8863s! [swapper/1:0]
[43653.331615] INFO: rcu_sched self-detected stall on CPU
[43653.332312] 	1-...!: (1 GPs behind) idle=052/1/0 softirq=78271/78272 fqs=0 
[43653.335247] 	 (t=180114 jiffies g=35788 c=35787 q=694)
[43653.336822] rcu_sched kth[43539.218962] INFO: rcu_sched self-detected stall on CPU
[43539.221463] INFO: rcu_sched detected stalls on CPUs/tasks:
[43539.221659] 	1-...!: (1 GPs behind) idle=ca6/140000000000001/0 softirq=337637/337638 fqs=0 
[43539.226907] 	 (t=179767 jiffies g=172354 c=172353 q=81)
[43539.227111] 	1-...!: (1 GPs behind) idle=ca6/140000000000001/0 softirq=337637/337638 fqs=0 
[43539.228106] rcu_sched kthread starved for 179767 jiffies! g172354 c172353 f0x0 RCU_GP_WAIT_FQS(3) ->state=0x402 ->cpu=0
[43539.229803] 	(detected by 0, t=179767 jiffies, g=172354, c=172353, q=81)
[43539.236801] rcu_sched kthread starved for 179767 jiffies! g172354 c172353 f0x0 RCU_GP_WAIT_FQS(3) ->state=0x200 ->cpu=0
[43539.239656] INFO: rcu_sched self-detected stall on CPU
[43539.240430] INFO: rcu_sched detected stalls on CPUs/tasks:
[43539.240583] 	1-...!: (1 GPs behind) idle=ca6/140000000000001/0 softirq=337637/337638 fqs=0 
[43539.242976] 	 (t=2378795 jiffies g=172354 c=172353 q=81)
[43539.243084] 	1-...!: (1 GPs behind) idle=ca6/140000000000001/0 softirq=337637/337638 fqs=0 
[43539.243890] rcu_sched kthread starved for 2378795 jiffies! g172354 c172353 f0x2 RCU_GP_WAIT_FQS(3) ->state=0x0 ->cpu=0
[43539.247059] 	(detected by 0, t=2378795 jiffies, g=172354, c=172353, q=81)
[43539.251984] rcu_sched kthread starved for 2378795 jiffies! g172354 c172353 f0x2 RCU_GP_WAIT_FQS(3) ->state=0x0 ->cpu=0
[47192.752124] INFO: rcu_sched detected stalls on CPUs/tasks:
[47192.754209] 	0-...!: (1 ticks this GP) idle=81a/140000000000002/0 softirq=281182/281182 fqs=0 
[47192.757977] 	(detected by 1, t=359156 jiffies, g=173336, c=173335, q=20)
[47192.785290] rcu_sched kthread starved for 359156 jiffies! g173336 c173335 f0x0 RCU_GP_WAIT_FQS(3) ->state=0x402 ->cpu=1
[47192.816864] INFO: rcu_sched detected stalls on CPUs/tasks:
[47192.821855] 	(detected by 1, t=908928 jiffies, g=173336, c=173335, q=108)
[47192.831218] All QSes seen, last rcu_sched kthread activity 908928 (4306690465-4305781537), jiffies_till_next_fqs=1, root ->qsmask 0x0
[47192.835836] rcu_sched kthread starved for 908928 jiffies! g173336 c173335 f0x2 RCU_GP_WAIT_FQS(3) ->state=0x200 ->cpu=1
